<?xml version="1.0" encoding="UTF-8"?>
<testng-results ignored="0" total="1" passed="1" failed="0" skipped="0">
  <reporter-output>
  </reporter-output>
  <suite started-at="2021-04-22T10:52:31 IST" name="Default suite" finished-at="2021-04-22T10:53:16 IST" duration-ms="45445">
    <groups>
    </groups>
    <test started-at="2021-04-22T10:52:31 IST" name="Default test" finished-at="2021-04-22T10:53:16 IST" duration-ms="45445">
      <class name="test.samp.test">
        <test-method signature="main()[pri:1, instance:test.samp.test@1a04f701]" started-at="2021-04-22T10:52:31 IST" name="main" finished-at="2021-04-22T10:53:16 IST" duration-ms="44708" status="PASS">
          <reporter-output>
          </reporter-output>
        </test-method> <!-- main -->
      </class> <!-- test.samp.test -->
    </test> <!-- Default test -->
  </suite> <!-- Default suite -->
</testng-results>
